<?xml version="1.0" encoding="UTF-8" ?>
<testsuite tests="33" failures="0" name="Practise.WalletApp.AppTest" time="14.013" errors="0" skipped="5">
  <properties>
[...]
</properties>
  <testcase classname="WalletCreateAccount" name="duplicate account" time="2.882"/>
  <testcase classname="WalletCreateAccount" name="invalid mobile number" time="0.48"/>
  <testcase classname="WalletCreateAccount" name="invalid mobile number (non-numerical)" time="0.557"/>
  <testcase classname="WalletCreateAccount" name="mobile number is null" time="0.492"/>
  <testcase classname="WalletCreateAccount" name="amount is invalid" time="0.399"/>
  <testcase classname="WalletCreateAccount" name="name is null" time="0.332"/>
  <testcase classname="WalletCreateAccount" name="name is empty" time="0.343"/>
  <testcase classname="WalletCreateAccount" name="name includes !@#$%^&amp;*(){}:;&quot;\|&lt;&gt;~`" time="0.297"/>
  <testcase classname="WalletCreateAccount" name="Valid create account" time="0.446"/>
  <testcase classname="WalletDeposit" name="mobile not found" time="0.608"/>
  <testcase classname="WalletDeposit" name="invalid mobile number" time="0.386"/>
  <testcase classname="WalletDeposit" name="invalid mobile number (non-numerical value)" time="0.291"/>
  <testcase classname="WalletDeposit" name="mobile number is null" time="0.343"/>
  <testcase classname="WalletDeposit" name="amount is invalid" time="0.265"/>
  <testcase classname="WalletDeposit" name="amount is out of limits" time="0.313"/>
  <testcase classname="WalletDeposit" name="WalletDepositValid" time="0.453"/>
  <testcase classname="WalletShowBalance" name="mobile not found" time="0.343"/>
  <testcase classname="WalletShowBalance" name="invalid mobile number" time="0.377"/>
  <testcase classname="WalletShowBalance" name="invalid mobile number (Non-numberic)" time="0.39"/>
  <testcase classname="WalletShowBalance" name="mobile number is null" time="0.317"/>
  <testcase classname="WalletShowBalance" name="ShowBalanceValid" time="0.334"/>
  <testcase classname="WalletTransaction" name="mobile not found" time="0.25">
    <skipped/>
    <system-err>Mar 13, 2018 3:56:33 PM org.hibernate.jpa.internal.util.LogHelper logPersistenceUnitInformation
INFO: HHH000204: Processing PersistenceUnitInfo [
	name: hello
	...]
Mar 13, 2018 3:56:33 PM org.hibernate.dialect.Dialect &lt;init&gt;
INFO: HHH000400: Using dialect: org.hibernate.dialect.Oracle10gDialect
Mar 13, 2018 3:56:33 PM org.hibernate.hql.internal.ast.ASTQueryTranslatorFactory &lt;init&gt;
INFO: HHH000397: Using ASTQueryTranslatorFactory
Mar 13, 2018 3:56:33 PM org.hibernate.tool.hbm2ddl.SchemaUpdate execute
INFO: HHH000228: Running hbm2ddl schema update
Mar 13, 2018 3:56:33 PM org.hibernate.tool.hbm2ddl.SchemaUpdate execute
INFO: HHH000102: Fetching database metadata
Mar 13, 2018 3:56:33 PM org.hibernate.tool.hbm2ddl.SchemaUpdate execute
INFO: HHH000396: Updating schema
Mar 13, 2018 3:56:33 PM org.hibernate.tool.hbm2ddl.TableMetadata &lt;init&gt;
INFO: HHH000261: Table found: HR.WALL_ACCT_TXN
Mar 13, 2018 3:56:33 PM org.hibernate.tool.hbm2ddl.TableMetadata &lt;init&gt;
INFO: HHH000037: Columns: [transaction_id, performedaction, amount, account_acct_id, dateoftransaction]
Mar 13, 2018 3:56:33 PM org.hibernate.tool.hbm2ddl.TableMetadata &lt;init&gt;
INFO: HHH000108: Foreign keys: [fk_r11ime6uixspt10beg6a31vrm]
Mar 13, 2018 3:56:33 PM org.hibernate.tool.hbm2ddl.TableMetadata &lt;init&gt;
INFO: HHH000126: Indexes: [sys_c009028]
Mar 13, 2018 3:56:33 PM org.hibernate.tool.hbm2ddl.TableMetadata &lt;init&gt;
INFO: HHH000261: Table found: HR.WALL_WALLET
Mar 13, 2018 3:56:33 PM org.hibernate.tool.hbm2ddl.TableMetadata &lt;init&gt;
INFO: HHH000037: Columns: [wall_id, walletid, balance]
Mar 13, 2018 3:56:33 PM org.hibernate.tool.hbm2ddl.TableMetadata &lt;init&gt;
INFO: HHH000108: Foreign keys: []
Mar 13, 2018 3:56:33 PM org.hibernate.tool.hbm2ddl.TableMetadata &lt;init&gt;
INFO: HHH000126: Indexes: [sys_c009031]
Mar 13, 2018 3:56:33 PM org.hibernate.tool.hbm2ddl.TableMetadata &lt;init&gt;
INFO: HHH000261: Table found: HR.WALL_ACCOUNT
Mar 13, 2018 3:56:33 PM org.hibernate.tool.hbm2ddl.TableMetadata &lt;init&gt;
INFO: HHH000037: Columns: [accountid, awallet_wall_id, acct_id, mobile, name, dateofcreation]
Mar 13, 2018 3:56:33 PM org.hibernate.tool.hbm2ddl.TableMetadata &lt;init&gt;
INFO: HHH000108: Foreign keys: [fk_ec53e9ipdqobj8o5jpn4m2g4o]
Mar 13, 2018 3:56:33 PM org.hibernate.tool.hbm2ddl.TableMetadata &lt;init&gt;
INFO: HHH000126: Indexes: [uk_9xv80l3mklng4ry0qo3vm79jc, sys_c009033]
Mar 13, 2018 3:56:33 PM org.hibernate.tool.hbm2ddl.TableMetadata &lt;init&gt;
INFO: HHH000261: Table found: HR.WALL_ACCOUNT_WALL_ACCT_TXN
Mar 13, 2018 3:56:33 PM org.hibernate.tool.hbm2ddl.TableMetadata &lt;init&gt;
INFO: HHH000037: Columns: [wall_account_acct_id, allacctxn_transaction_id]
Mar 13, 2018 3:56:33 PM org.hibernate.tool.hbm2ddl.TableMetadata &lt;init&gt;
INFO: HHH000108: Foreign keys: [fk_jhxjwlg96gld7ja75jyvfatsg, fk_4rik8x1t6twuwbghfgnjbnryq]
Mar 13, 2018 3:56:33 PM org.hibernate.tool.hbm2ddl.TableMetadata &lt;init&gt;
INFO: HHH000126: Indexes: [uk_jhxjwlg96gld7ja75jyvfatsg]
Mar 13, 2018 3:56:33 PM org.hibernate.tool.hbm2ddl.SchemaUpdate execute
INFO: HHH000232: Schema update complete
Mar 13, 2018 3:56:33 PM org.hibernate.jpa.internal.EntityManagerFactoryRegistry addEntityManagerFactory
WARN: HHH000436: Entity manager factory name (hello) is already registered.  If entity manager will be clustered or passivated, specify a unique value for property &apos;hibernate.ejb.entitymanager_factory_name&apos;
</system-err>
  </testcase>
  <testcase classname="WalletTransaction" name="invalid mobile number" time="0.265">
    <skipped/>
    <system-err>Mar 13, 2018 3:56:33 PM org.hibernate.jpa.internal.util.LogHelper logPersistenceUnitInformation
INFO: HHH000204: Processing PersistenceUnitInfo [
	name: hello
	...]
Mar 13, 2018 3:56:33 PM org.hibernate.dialect.Dialect &lt;init&gt;
INFO: HHH000400: Using dialect: org.hibernate.dialect.Oracle10gDialect
Mar 13, 2018 3:56:33 PM org.hibernate.hql.internal.ast.ASTQueryTranslatorFactory &lt;init&gt;
INFO: HHH000397: Using ASTQueryTranslatorFactory
Mar 13, 2018 3:56:33 PM org.hibernate.tool.hbm2ddl.SchemaUpdate execute
INFO: HHH000228: Running hbm2ddl schema update
Mar 13, 2018 3:56:33 PM org.hibernate.tool.hbm2ddl.SchemaUpdate execute
INFO: HHH000102: Fetching database metadata
Mar 13, 2018 3:56:33 PM org.hibernate.tool.hbm2ddl.SchemaUpdate execute
INFO: HHH000396: Updating schema
Mar 13, 2018 3:56:33 PM org.hibernate.tool.hbm2ddl.TableMetadata &lt;init&gt;
INFO: HHH000261: Table found: HR.WALL_ACCT_TXN
Mar 13, 2018 3:56:33 PM org.hibernate.tool.hbm2ddl.TableMetadata &lt;init&gt;
INFO: HHH000037: Columns: [transaction_id, performedaction, amount, account_acct_id, dateoftransaction]
Mar 13, 2018 3:56:33 PM org.hibernate.tool.hbm2ddl.TableMetadata &lt;init&gt;
INFO: HHH000108: Foreign keys: [fk_r11ime6uixspt10beg6a31vrm]
Mar 13, 2018 3:56:33 PM org.hibernate.tool.hbm2ddl.TableMetadata &lt;init&gt;
INFO: HHH000126: Indexes: [sys_c009028]
Mar 13, 2018 3:56:33 PM org.hibernate.tool.hbm2ddl.TableMetadata &lt;init&gt;
INFO: HHH000261: Table found: HR.WALL_WALLET
Mar 13, 2018 3:56:33 PM org.hibernate.tool.hbm2ddl.TableMetadata &lt;init&gt;
INFO: HHH000037: Columns: [wall_id, walletid, balance]
Mar 13, 2018 3:56:33 PM org.hibernate.tool.hbm2ddl.TableMetadata &lt;init&gt;
INFO: HHH000108: Foreign keys: []
Mar 13, 2018 3:56:33 PM org.hibernate.tool.hbm2ddl.TableMetadata &lt;init&gt;
INFO: HHH000126: Indexes: [sys_c009031]
Mar 13, 2018 3:56:33 PM org.hibernate.tool.hbm2ddl.TableMetadata &lt;init&gt;
INFO: HHH000261: Table found: HR.WALL_ACCOUNT
Mar 13, 2018 3:56:33 PM org.hibernate.tool.hbm2ddl.TableMetadata &lt;init&gt;
INFO: HHH000037: Columns: [accountid, awallet_wall_id, acct_id, mobile, name, dateofcreation]
Mar 13, 2018 3:56:33 PM org.hibernate.tool.hbm2ddl.TableMetadata &lt;init&gt;
INFO: HHH000108: Foreign keys: [fk_ec53e9ipdqobj8o5jpn4m2g4o]
Mar 13, 2018 3:56:33 PM org.hibernate.tool.hbm2ddl.TableMetadata &lt;init&gt;
INFO: HHH000126: Indexes: [uk_9xv80l3mklng4ry0qo3vm79jc, sys_c009033]
Mar 13, 2018 3:56:33 PM org.hibernate.tool.hbm2ddl.TableMetadata &lt;init&gt;
INFO: HHH000261: Table found: HR.WALL_ACCOUNT_WALL_ACCT_TXN
Mar 13, 2018 3:56:33 PM org.hibernate.tool.hbm2ddl.TableMetadata &lt;init&gt;
INFO: HHH000037: Columns: [wall_account_acct_id, allacctxn_transaction_id]
Mar 13, 2018 3:56:33 PM org.hibernate.tool.hbm2ddl.TableMetadata &lt;init&gt;
INFO: HHH000108: Foreign keys: [fk_jhxjwlg96gld7ja75jyvfatsg, fk_4rik8x1t6twuwbghfgnjbnryq]
Mar 13, 2018 3:56:33 PM org.hibernate.tool.hbm2ddl.TableMetadata &lt;init&gt;
INFO: HHH000126: Indexes: [uk_jhxjwlg96gld7ja75jyvfatsg]
Mar 13, 2018 3:56:33 PM org.hibernate.tool.hbm2ddl.SchemaUpdate execute
INFO: HHH000232: Schema update complete
Mar 13, 2018 3:56:33 PM org.hibernate.jpa.internal.EntityManagerFactoryRegistry addEntityManagerFactory
WARN: HHH000436: Entity manager factory name (hello) is already registered.  If entity manager will be clustered or passivated, specify a unique value for property &apos;hibernate.ejb.entitymanager_factory_name&apos;
</system-err>
  </testcase>
  <testcase classname="WalletTransaction" name="invalid mobile number (non-numerical value)" time="0.314">
    <skipped/>
    <system-err>Mar 13, 2018 3:56:33 PM org.hibernate.jpa.internal.util.LogHelper logPersistenceUnitInformation
INFO: HHH000204: Processing PersistenceUnitInfo [
	name: hello
	...]
Mar 13, 2018 3:56:33 PM org.hibernate.dialect.Dialect &lt;init&gt;
INFO: HHH000400: Using dialect: org.hibernate.dialect.Oracle10gDialect
Mar 13, 2018 3:56:33 PM org.hibernate.hql.internal.ast.ASTQueryTranslatorFactory &lt;init&gt;
INFO: HHH000397: Using ASTQueryTranslatorFactory
Mar 13, 2018 3:56:33 PM org.hibernate.tool.hbm2ddl.SchemaUpdate execute
INFO: HHH000228: Running hbm2ddl schema update
Mar 13, 2018 3:56:33 PM org.hibernate.tool.hbm2ddl.SchemaUpdate execute
INFO: HHH000102: Fetching database metadata
Mar 13, 2018 3:56:33 PM org.hibernate.tool.hbm2ddl.SchemaUpdate execute
INFO: HHH000396: Updating schema
Mar 13, 2018 3:56:33 PM org.hibernate.tool.hbm2ddl.TableMetadata &lt;init&gt;
INFO: HHH000261: Table found: HR.WALL_ACCT_TXN
Mar 13, 2018 3:56:33 PM org.hibernate.tool.hbm2ddl.TableMetadata &lt;init&gt;
INFO: HHH000037: Columns: [transaction_id, performedaction, amount, account_acct_id, dateoftransaction]
Mar 13, 2018 3:56:33 PM org.hibernate.tool.hbm2ddl.TableMetadata &lt;init&gt;
INFO: HHH000108: Foreign keys: [fk_r11ime6uixspt10beg6a31vrm]
Mar 13, 2018 3:56:33 PM org.hibernate.tool.hbm2ddl.TableMetadata &lt;init&gt;
INFO: HHH000126: Indexes: [sys_c009028]
Mar 13, 2018 3:56:33 PM org.hibernate.tool.hbm2ddl.TableMetadata &lt;init&gt;
INFO: HHH000261: Table found: HR.WALL_WALLET
Mar 13, 2018 3:56:33 PM org.hibernate.tool.hbm2ddl.TableMetadata &lt;init&gt;
INFO: HHH000037: Columns: [wall_id, walletid, balance]
Mar 13, 2018 3:56:33 PM org.hibernate.tool.hbm2ddl.TableMetadata &lt;init&gt;
INFO: HHH000108: Foreign keys: []
Mar 13, 2018 3:56:33 PM org.hibernate.tool.hbm2ddl.TableMetadata &lt;init&gt;
INFO: HHH000126: Indexes: [sys_c009031]
Mar 13, 2018 3:56:33 PM org.hibernate.tool.hbm2ddl.TableMetadata &lt;init&gt;
INFO: HHH000261: Table found: HR.WALL_ACCOUNT
Mar 13, 2018 3:56:33 PM org.hibernate.tool.hbm2ddl.TableMetadata &lt;init&gt;
INFO: HHH000037: Columns: [accountid, awallet_wall_id, acct_id, mobile, name, dateofcreation]
Mar 13, 2018 3:56:33 PM org.hibernate.tool.hbm2ddl.TableMetadata &lt;init&gt;
INFO: HHH000108: Foreign keys: [fk_ec53e9ipdqobj8o5jpn4m2g4o]
Mar 13, 2018 3:56:33 PM org.hibernate.tool.hbm2ddl.TableMetadata &lt;init&gt;
INFO: HHH000126: Indexes: [uk_9xv80l3mklng4ry0qo3vm79jc, sys_c009033]
Mar 13, 2018 3:56:33 PM org.hibernate.tool.hbm2ddl.TableMetadata &lt;init&gt;
INFO: HHH000261: Table found: HR.WALL_ACCOUNT_WALL_ACCT_TXN
Mar 13, 2018 3:56:33 PM org.hibernate.tool.hbm2ddl.TableMetadata &lt;init&gt;
INFO: HHH000037: Columns: [wall_account_acct_id, allacctxn_transaction_id]
Mar 13, 2018 3:56:33 PM org.hibernate.tool.hbm2ddl.TableMetadata &lt;init&gt;
INFO: HHH000108: Foreign keys: [fk_jhxjwlg96gld7ja75jyvfatsg, fk_4rik8x1t6twuwbghfgnjbnryq]
Mar 13, 2018 3:56:33 PM org.hibernate.tool.hbm2ddl.TableMetadata &lt;init&gt;
INFO: HHH000126: Indexes: [uk_jhxjwlg96gld7ja75jyvfatsg]
Mar 13, 2018 3:56:33 PM org.hibernate.tool.hbm2ddl.SchemaUpdate execute
INFO: HHH000232: Schema update complete
Mar 13, 2018 3:56:33 PM org.hibernate.jpa.internal.EntityManagerFactoryRegistry addEntityManagerFactory
WARN: HHH000436: Entity manager factory name (hello) is already registered.  If entity manager will be clustered or passivated, specify a unique value for property &apos;hibernate.ejb.entitymanager_factory_name&apos;
</system-err>
  </testcase>
  <testcase classname="WalletTransaction" name="mobile number is null" time="0.254">
    <skipped/>
    <system-err>Mar 13, 2018 3:56:33 PM org.hibernate.jpa.internal.util.LogHelper logPersistenceUnitInformation
INFO: HHH000204: Processing PersistenceUnitInfo [
	name: hello
	...]
Mar 13, 2018 3:56:33 PM org.hibernate.dialect.Dialect &lt;init&gt;
INFO: HHH000400: Using dialect: org.hibernate.dialect.Oracle10gDialect
Mar 13, 2018 3:56:33 PM org.hibernate.hql.internal.ast.ASTQueryTranslatorFactory &lt;init&gt;
INFO: HHH000397: Using ASTQueryTranslatorFactory
Mar 13, 2018 3:56:33 PM org.hibernate.tool.hbm2ddl.SchemaUpdate execute
INFO: HHH000228: Running hbm2ddl schema update
Mar 13, 2018 3:56:33 PM org.hibernate.tool.hbm2ddl.SchemaUpdate execute
INFO: HHH000102: Fetching database metadata
Mar 13, 2018 3:56:34 PM org.hibernate.tool.hbm2ddl.SchemaUpdate execute
INFO: HHH000396: Updating schema
Mar 13, 2018 3:56:34 PM org.hibernate.tool.hbm2ddl.TableMetadata &lt;init&gt;
INFO: HHH000261: Table found: HR.WALL_ACCT_TXN
Mar 13, 2018 3:56:34 PM org.hibernate.tool.hbm2ddl.TableMetadata &lt;init&gt;
INFO: HHH000037: Columns: [transaction_id, performedaction, amount, account_acct_id, dateoftransaction]
Mar 13, 2018 3:56:34 PM org.hibernate.tool.hbm2ddl.TableMetadata &lt;init&gt;
INFO: HHH000108: Foreign keys: [fk_r11ime6uixspt10beg6a31vrm]
Mar 13, 2018 3:56:34 PM org.hibernate.tool.hbm2ddl.TableMetadata &lt;init&gt;
INFO: HHH000126: Indexes: [sys_c009028]
Mar 13, 2018 3:56:34 PM org.hibernate.tool.hbm2ddl.TableMetadata &lt;init&gt;
INFO: HHH000261: Table found: HR.WALL_WALLET
Mar 13, 2018 3:56:34 PM org.hibernate.tool.hbm2ddl.TableMetadata &lt;init&gt;
INFO: HHH000037: Columns: [wall_id, walletid, balance]
Mar 13, 2018 3:56:34 PM org.hibernate.tool.hbm2ddl.TableMetadata &lt;init&gt;
INFO: HHH000108: Foreign keys: []
Mar 13, 2018 3:56:34 PM org.hibernate.tool.hbm2ddl.TableMetadata &lt;init&gt;
INFO: HHH000126: Indexes: [sys_c009031]
Mar 13, 2018 3:56:34 PM org.hibernate.tool.hbm2ddl.TableMetadata &lt;init&gt;
INFO: HHH000261: Table found: HR.WALL_ACCOUNT
Mar 13, 2018 3:56:34 PM org.hibernate.tool.hbm2ddl.TableMetadata &lt;init&gt;
INFO: HHH000037: Columns: [accountid, awallet_wall_id, acct_id, mobile, name, dateofcreation]
Mar 13, 2018 3:56:34 PM org.hibernate.tool.hbm2ddl.TableMetadata &lt;init&gt;
INFO: HHH000108: Foreign keys: [fk_ec53e9ipdqobj8o5jpn4m2g4o]
Mar 13, 2018 3:56:34 PM org.hibernate.tool.hbm2ddl.TableMetadata &lt;init&gt;
INFO: HHH000126: Indexes: [uk_9xv80l3mklng4ry0qo3vm79jc, sys_c009033]
Mar 13, 2018 3:56:34 PM org.hibernate.tool.hbm2ddl.TableMetadata &lt;init&gt;
INFO: HHH000261: Table found: HR.WALL_ACCOUNT_WALL_ACCT_TXN
Mar 13, 2018 3:56:34 PM org.hibernate.tool.hbm2ddl.TableMetadata &lt;init&gt;
INFO: HHH000037: Columns: [wall_account_acct_id, allacctxn_transaction_id]
Mar 13, 2018 3:56:34 PM org.hibernate.tool.hbm2ddl.TableMetadata &lt;init&gt;
INFO: HHH000108: Foreign keys: [fk_jhxjwlg96gld7ja75jyvfatsg, fk_4rik8x1t6twuwbghfgnjbnryq]
Mar 13, 2018 3:56:34 PM org.hibernate.tool.hbm2ddl.TableMetadata &lt;init&gt;
INFO: HHH000126: Indexes: [uk_jhxjwlg96gld7ja75jyvfatsg]
Mar 13, 2018 3:56:34 PM org.hibernate.tool.hbm2ddl.SchemaUpdate execute
INFO: HHH000232: Schema update complete
Mar 13, 2018 3:56:34 PM org.hibernate.jpa.internal.EntityManagerFactoryRegistry addEntityManagerFactory
WARN: HHH000436: Entity manager factory name (hello) is already registered.  If entity manager will be clustered or passivated, specify a unique value for property &apos;hibernate.ejb.entitymanager_factory_name&apos;
</system-err>
  </testcase>
  <testcase classname="WalletTransaction" name="name is valid, mobile number is valid, amount is valid" time="0.281">
    <skipped/>
    <system-err>Mar 13, 2018 3:56:34 PM org.hibernate.jpa.internal.util.LogHelper logPersistenceUnitInformation
INFO: HHH000204: Processing PersistenceUnitInfo [
	name: hello
	...]
Mar 13, 2018 3:56:34 PM org.hibernate.dialect.Dialect &lt;init&gt;
INFO: HHH000400: Using dialect: org.hibernate.dialect.Oracle10gDialect
Mar 13, 2018 3:56:34 PM org.hibernate.hql.internal.ast.ASTQueryTranslatorFactory &lt;init&gt;
INFO: HHH000397: Using ASTQueryTranslatorFactory
Mar 13, 2018 3:56:34 PM org.hibernate.tool.hbm2ddl.SchemaUpdate execute
INFO: HHH000228: Running hbm2ddl schema update
Mar 13, 2018 3:56:34 PM org.hibernate.tool.hbm2ddl.SchemaUpdate execute
INFO: HHH000102: Fetching database metadata
Mar 13, 2018 3:56:34 PM org.hibernate.tool.hbm2ddl.SchemaUpdate execute
INFO: HHH000396: Updating schema
Mar 13, 2018 3:56:34 PM org.hibernate.tool.hbm2ddl.TableMetadata &lt;init&gt;
INFO: HHH000261: Table found: HR.WALL_ACCT_TXN
Mar 13, 2018 3:56:34 PM org.hibernate.tool.hbm2ddl.TableMetadata &lt;init&gt;
INFO: HHH000037: Columns: [transaction_id, performedaction, amount, account_acct_id, dateoftransaction]
Mar 13, 2018 3:56:34 PM org.hibernate.tool.hbm2ddl.TableMetadata &lt;init&gt;
INFO: HHH000108: Foreign keys: [fk_r11ime6uixspt10beg6a31vrm]
Mar 13, 2018 3:56:34 PM org.hibernate.tool.hbm2ddl.TableMetadata &lt;init&gt;
INFO: HHH000126: Indexes: [sys_c009028]
Mar 13, 2018 3:56:34 PM org.hibernate.tool.hbm2ddl.TableMetadata &lt;init&gt;
INFO: HHH000261: Table found: HR.WALL_WALLET
Mar 13, 2018 3:56:34 PM org.hibernate.tool.hbm2ddl.TableMetadata &lt;init&gt;
INFO: HHH000037: Columns: [wall_id, walletid, balance]
Mar 13, 2018 3:56:34 PM org.hibernate.tool.hbm2ddl.TableMetadata &lt;init&gt;
INFO: HHH000108: Foreign keys: []
Mar 13, 2018 3:56:34 PM org.hibernate.tool.hbm2ddl.TableMetadata &lt;init&gt;
INFO: HHH000126: Indexes: [sys_c009031]
Mar 13, 2018 3:56:34 PM org.hibernate.tool.hbm2ddl.TableMetadata &lt;init&gt;
INFO: HHH000261: Table found: HR.WALL_ACCOUNT
Mar 13, 2018 3:56:34 PM org.hibernate.tool.hbm2ddl.TableMetadata &lt;init&gt;
INFO: HHH000037: Columns: [accountid, awallet_wall_id, acct_id, mobile, name, dateofcreation]
Mar 13, 2018 3:56:34 PM org.hibernate.tool.hbm2ddl.TableMetadata &lt;init&gt;
INFO: HHH000108: Foreign keys: [fk_ec53e9ipdqobj8o5jpn4m2g4o]
Mar 13, 2018 3:56:34 PM org.hibernate.tool.hbm2ddl.TableMetadata &lt;init&gt;
INFO: HHH000126: Indexes: [uk_9xv80l3mklng4ry0qo3vm79jc, sys_c009033]
Mar 13, 2018 3:56:34 PM org.hibernate.tool.hbm2ddl.TableMetadata &lt;init&gt;
INFO: HHH000261: Table found: HR.WALL_ACCOUNT_WALL_ACCT_TXN
Mar 13, 2018 3:56:34 PM org.hibernate.tool.hbm2ddl.TableMetadata &lt;init&gt;
INFO: HHH000037: Columns: [wall_account_acct_id, allacctxn_transaction_id]
Mar 13, 2018 3:56:34 PM org.hibernate.tool.hbm2ddl.TableMetadata &lt;init&gt;
INFO: HHH000108: Foreign keys: [fk_jhxjwlg96gld7ja75jyvfatsg, fk_4rik8x1t6twuwbghfgnjbnryq]
Mar 13, 2018 3:56:34 PM org.hibernate.tool.hbm2ddl.TableMetadata &lt;init&gt;
INFO: HHH000126: Indexes: [uk_jhxjwlg96gld7ja75jyvfatsg]
Mar 13, 2018 3:56:34 PM org.hibernate.tool.hbm2ddl.SchemaUpdate execute
INFO: HHH000232: Schema update complete
Mar 13, 2018 3:56:34 PM org.hibernate.jpa.internal.EntityManagerFactoryRegistry addEntityManagerFactory
WARN: HHH000436: Entity manager factory name (hello) is already registered.  If entity manager will be clustered or passivated, specify a unique value for property &apos;hibernate.ejb.entitymanager_factory_name&apos;
</system-err>
  </testcase>
  <testcase classname="WalletWithdraw" name="mobile not found" time="0.377"/>
  <testcase classname="WalletWithdraw" name="invalid mobile number" time="0.219"/>
  <testcase classname="WalletWithdraw" name="invalid mobile number (non-numerical value)" time="0.247"/>
  <testcase classname="WalletWithdraw" name="mobile number is null" time="0.316"/>
  <testcase classname="WalletWithdraw" name="amount is invalid" time="0.291"/>
  <testcase classname="WalletWithdraw" name="insufficient funds" time="0.265"/>
  <testcase classname="WalletWithdraw" name="WalletWithdrawValid" time="0.286"/>
</testsuite>